[2023-03-29 12:25:40] [javac-extractor-27632] Starting extraction for:
                                              sun.java.command=com.semmle.extractor.java.JavaExtractor --jdk-version 17 --javac-args @@@C:\Users\eric\Desktop\ELEC5618\robocode-master\robocode-master\java-database\log\ext\javac-10.args
                                              user.dir=C:\Users\eric\Desktop\ELEC5618\robocode-master\robocode-master
[2023-03-29 12:25:40] [javac-extractor-27632] Compilation name C:\Users\eric\Desktop\ELEC5618\robocode-master\robocode-master\java-database\trap\java\diagnostics\diagnostic-10.trap.gz
[2023-03-29 12:25:40] [javac-extractor-27632] [WARN] Appending source destination directory C:\Users\eric\Desktop\ELEC5618\robocode-master\robocode-master\robocode.installer\build\generated\sources\annotationProcessor\java\main to sourcepath
[2023-03-29 12:25:42] [javac-extractor-27632] Processing file C:\Users\eric\Desktop\ELEC5618\robocode-master\robocode-master\robocode.installer\src\main\java\net\sf\robocode\installer\AutoExtract.java
[2023-03-29 12:25:42] [javac-extractor-27632] [WARN] Not rewriting trap file for C:\Users\eric\Desktop\ELEC5618\robocode-master\robocode-master\java-database\trap\java\classes\java\awt\event\ActionEvent.members\ActionEvent.members#61.0-1646013278976-java.trap.gz as it exists
[2023-03-29 12:25:42] [javac-extractor-27632] [WARN] Not rewriting trap file for C:\Users\eric\Desktop\ELEC5618\robocode-master\robocode-master\java-database\trap\java\classes\java\awt\event\ActionListener.members\ActionListener.members#61.0-1646013278976-java.trap.gz as it exists
[2023-03-29 12:25:42] [javac-extractor-27632] [WARN] Not rewriting trap file for C:\Users\eric\Desktop\ELEC5618\robocode-master\robocode-master\java-database\trap\java\classes\java\net\URL.members\URL.members#61.0-1646013278976-java.trap.gz as it exists
[2023-03-29 12:25:42] [javac-extractor-27632] [WARN] Not rewriting trap file for C:\Users\eric\Desktop\ELEC5618\robocode-master\robocode-master\java-database\trap\java\classes\java\nio\file\Files.members\Files.members#61.0-1646013278976-java.trap.gz as it exists
[2023-03-29 12:25:42] [javac-extractor-27632] [WARN] Not rewriting trap file for C:\Users\eric\Desktop\ELEC5618\robocode-master\robocode-master\java-database\trap\java\classes\java\nio\file\StandardCopyOption.members\StandardCopyOption.members#61.0-1646013278976-java.trap.gz as it exists
[2023-03-29 12:25:42] [javac-extractor-27632] [WARN] Not rewriting trap file for C:\Users\eric\Desktop\ELEC5618\robocode-master\robocode-master\java-database\trap\java\classes\java\util\jar\JarEntry.members\JarEntry.members#61.0-1646013278976-java.trap.gz as it exists
[2023-03-29 12:25:42] [javac-extractor-27632] [WARN] Not rewriting trap file for C:\Users\eric\Desktop\ELEC5618\robocode-master\robocode-master\java-database\trap\java\classes\java\util\jar\JarFile.members\JarFile.members#61.0-1646013278976-java.trap.gz as it exists
[2023-03-29 12:25:42] [javac-extractor-27632] [WARN] Not rewriting trap file for C:\Users\eric\Desktop\ELEC5618\robocode-master\robocode-master\java-database\trap\java\classes\java\util\jar\JarInputStream.members\JarInputStream.members#61.0-1646013278976-java.trap.gz as it exists
[2023-03-29 12:25:42] [javac-extractor-27632] [WARN] Not rewriting trap file for C:\Users\eric\Desktop\ELEC5618\robocode-master\robocode-master\java-database\trap\java\classes\java\lang\String.members\String.members#61.0-1646013278976-java.trap.gz as it exists
[2023-03-29 12:25:42] [javac-extractor-27632] [WARN] Not rewriting trap file for C:\Users\eric\Desktop\ELEC5618\robocode-master\robocode-master\java-database\trap\java\classes\java\io\IOException.members\IOException.members#61.0-1646013278976-java.trap.gz as it exists
[2023-03-29 12:25:42] [javac-extractor-27632] [WARN] Not rewriting trap file for C:\Users\eric\Desktop\ELEC5618\robocode-master\robocode-master\java-database\trap\java\classes\java\io\File.members\File.members#61.0-1646013278976-java.trap.gz as it exists
[2023-03-29 12:25:42] [javac-extractor-27632] [WARN] Not rewriting trap file for C:\Users\eric\Desktop\ELEC5618\robocode-master\robocode-master\java-database\trap\java\classes\java\lang\Object.members\Object.members#61.0-1646013278976-java.trap.gz as it exists
[2023-03-29 12:25:42] [javac-extractor-27632] [WARN] Not rewriting trap file for C:\Users\eric\Desktop\ELEC5618\robocode-master\robocode-master\java-database\trap\java\classes\java\lang\Cloneable.members\Cloneable.members#61.0-1646013278976-java.trap.gz as it exists
[2023-03-29 12:25:42] [javac-extractor-27632] [WARN] Not rewriting trap file for C:\Users\eric\Desktop\ELEC5618\robocode-master\robocode-master\java-database\trap\java\classes\java\io\Serializable.members\Serializable.members#61.0-1646013278976-java.trap.gz as it exists
[2023-03-29 12:25:42] [javac-extractor-27632] [WARN] Not rewriting trap file for C:\Users\eric\Desktop\ELEC5618\robocode-master\robocode-master\java-database\trap\java\classes\javax\swing\JDialog.members\JDialog.members#61.0-1646013278976-java.trap.gz as it exists
[2023-03-29 12:25:42] [javac-extractor-27632] [WARN] Not rewriting trap file for C:\Users\eric\Desktop\ELEC5618\robocode-master\robocode-master\java-database\trap\java\classes\java\util\EventListener.members\EventListener.members#61.0-1646013278976-java.trap.gz as it exists
[2023-03-29 12:25:42] [javac-extractor-27632] [WARN] Not rewriting trap file for C:\Users\eric\Desktop\ELEC5618\robocode-master\robocode-master\java-database\trap\java\classes\java\lang\System.members\System.members#61.0-1646013278976-java.trap.gz as it exists
[2023-03-29 12:25:42] [javac-extractor-27632] [WARN] Not rewriting trap file for C:\Users\eric\Desktop\ELEC5618\robocode-master\robocode-master\java-database\trap\java\classes\java\lang\Double.members\Double.members#61.0-1646013278976-java.trap.gz as it exists
[2023-03-29 12:25:42] [javac-extractor-27632] [WARN] Not rewriting trap file for C:\Users\eric\Desktop\ELEC5618\robocode-master\robocode-master\java-database\trap\java\classes\java\lang\NumberFormatException.members\NumberFormatException.members#61.0-1646013278976-java.trap.gz as it exists
[2023-03-29 12:25:42] [javac-extractor-27632] [WARN] Not rewriting trap file for C:\Users\eric\Desktop\ELEC5618\robocode-master\robocode-master\java-database\trap\java\classes\java\lang\Throwable.members\Throwable.members#61.0-1646013278976-java.trap.gz as it exists
[2023-03-29 12:25:42] [javac-extractor-27632] [WARN] Not rewriting trap file for C:\Users\eric\Desktop\ELEC5618\robocode-master\robocode-master\java-database\trap\java\classes\java\io\PrintStream.members\PrintStream.members#61.0-1646013278976-java.trap.gz as it exists
[2023-03-29 12:25:42] [javac-extractor-27632] [WARN] Not rewriting trap file for C:\Users\eric\Desktop\ELEC5618\robocode-master\robocode-master\java-database\trap\java\classes\java\lang\StringBuffer.members\StringBuffer.members#61.0-1646013278976-java.trap.gz as it exists
[2023-03-29 12:25:42] [javac-extractor-27632] [WARN] Not rewriting trap file for C:\Users\eric\Desktop\ELEC5618\robocode-master\robocode-master\java-database\trap\java\classes\java\io\InputStream.members\InputStream.members#61.0-1646013278976-java.trap.gz as it exists
[2023-03-29 12:25:42] [javac-extractor-27632] [WARN] Not rewriting trap file for C:\Users\eric\Desktop\ELEC5618\robocode-master\robocode-master\java-database\trap\java\classes\java\io\InputStreamReader.members\InputStreamReader.members#61.0-1646013278976-java.trap.gz as it exists
[2023-03-29 12:25:42] [javac-extractor-27632] [WARN] Not rewriting trap file for C:\Users\eric\Desktop\ELEC5618\robocode-master\robocode-master\java-database\trap\java\classes\java\io\BufferedReader.members\BufferedReader.members#61.0-1646013278976-java.trap.gz as it exists
[2023-03-29 12:25:42] [javac-extractor-27632] [WARN] Not rewriting trap file for C:\Users\eric\Desktop\ELEC5618\robocode-master\robocode-master\java-database\trap\java\classes\java\util\zip\ZipEntry.members\ZipEntry.members#61.0-1646013278976-java.trap.gz as it exists
[2023-03-29 12:25:42] [javac-extractor-27632] [WARN] Not rewriting trap file for C:\Users\eric\Desktop\ELEC5618\robocode-master\robocode-master\java-database\trap\java\classes\java\util\zip\ZipFile.members\ZipFile.members#61.0-1646013278976-java.trap.gz as it exists
[2023-03-29 12:25:42] [javac-extractor-27632] [WARN] Not rewriting trap file for C:\Users\eric\Desktop\ELEC5618\robocode-master\robocode-master\java-database\trap\java\classes\java\io\Reader.members\Reader.members#61.0-1646013278976-java.trap.gz as it exists
[2023-03-29 12:25:42] [javac-extractor-27632] [WARN] Not rewriting trap file for C:\Users\eric\Desktop\ELEC5618\robocode-master\robocode-master\java-database\trap\java\classes\java\awt\Dimension.members\Dimension.members#61.0-1646013278976-java.trap.gz as it exists
[2023-03-29 12:25:42] [javac-extractor-27632] [WARN] Not rewriting trap file for C:\Users\eric\Desktop\ELEC5618\robocode-master\robocode-master\java-database\trap\java\classes\java\awt\Toolkit.members\Toolkit.members#61.0-1646013278976-java.trap.gz as it exists
[2023-03-29 12:25:42] [javac-extractor-27632] [WARN] Not rewriting trap file for C:\Users\eric\Desktop\ELEC5618\robocode-master\robocode-master\java-database\trap\java\classes\javax\swing\JTextPane.members\JTextPane.members#61.0-1646013278976-java.trap.gz as it exists
[2023-03-29 12:25:42] [javac-extractor-27632] [WARN] Not rewriting trap file for C:\Users\eric\Desktop\ELEC5618\robocode-master\robocode-master\java-database\trap\java\classes\javax\swing\JScrollPane.members\JScrollPane.members#61.0-1646013278976-java.trap.gz as it exists
[2023-03-29 12:25:42] [javac-extractor-27632] [WARN] Not rewriting trap file for C:\Users\eric\Desktop\ELEC5618\robocode-master\robocode-master\java-database\trap\java\classes\javax\swing\JPanel.members\JPanel.members#61.0-1646013278976-java.trap.gz as it exists
[2023-03-29 12:25:42] [javac-extractor-27632] [WARN] Not rewriting trap file for C:\Users\eric\Desktop\ELEC5618\robocode-master\robocode-master\java-database\trap\java\classes\javax\swing\JButton.members\JButton.members#61.0-1646013278976-java.trap.gz as it exists
[2023-03-29 12:25:42] [javac-extractor-27632] [WARN] Not rewriting trap file for C:\Users\eric\Desktop\ELEC5618\robocode-master\robocode-master\java-database\trap\java\classes\java\awt\Dialog.members\Dialog.members#61.0-1646013278976-java.trap.gz as it exists
[2023-03-29 12:25:42] [javac-extractor-27632] [WARN] Not rewriting trap file for C:\Users\eric\Desktop\ELEC5618\robocode-master\robocode-master\java-database\trap\java\classes\java\awt\Window.members\Window.members#61.0-1646013278976-java.trap.gz as it exists
[2023-03-29 12:25:42] [javac-extractor-27632] [WARN] Not rewriting trap file for C:\Users\eric\Desktop\ELEC5618\robocode-master\robocode-master\java-database\trap\java\classes\javax\swing\JEditorPane.members\JEditorPane.members#61.0-1646013278976-java.trap.gz as it exists
[2023-03-29 12:25:42] [javac-extractor-27632] [WARN] Not rewriting trap file for C:\Users\eric\Desktop\ELEC5618\robocode-master\robocode-master\java-database\trap\java\classes\javax\swing\JComponent.members\JComponent.members#61.0-1646013278976-java.trap.gz as it exists
[2023-03-29 12:25:42] [javac-extractor-27632] [WARN] Not rewriting trap file for C:\Users\eric\Desktop\ELEC5618\robocode-master\robocode-master\java-database\trap\java\classes\java\awt\Font.members\Font.members#61.0-1646013278976-java.trap.gz as it exists
[2023-03-29 12:25:42] [javac-extractor-27632] [WARN] Not rewriting trap file for C:\Users\eric\Desktop\ELEC5618\robocode-master\robocode-master\java-database\trap\java\classes\javax\swing\text\JTextComponent.members\JTextComponent.members#61.0-1646013278976-java.trap.gz as it exists
[2023-03-29 12:25:42] [javac-extractor-27632] [WARN] Not rewriting trap file for C:\Users\eric\Desktop\ELEC5618\robocode-master\robocode-master\java-database\trap\java\classes\java\awt\Component.members\Component.members#61.0-1646013278976-java.trap.gz as it exists
[2023-03-29 12:25:42] [javac-extractor-27632] [WARN] Not rewriting trap file for C:\Users\eric\Desktop\ELEC5618\robocode-master\robocode-master\java-database\trap\java\classes\java\awt\Container.members\Container.members#61.0-1646013278976-java.trap.gz as it exists
[2023-03-29 12:25:42] [javac-extractor-27632] [WARN] Not rewriting trap file for C:\Users\eric\Desktop\ELEC5618\robocode-master\robocode-master\java-database\trap\java\classes\java\awt\LayoutManager.members\LayoutManager.members#61.0-1646013278976-java.trap.gz as it exists
[2023-03-29 12:25:42] [javac-extractor-27632] [WARN] Not rewriting trap file for C:\Users\eric\Desktop\ELEC5618\robocode-master\robocode-master\java-database\trap\java\classes\java\awt\BorderLayout.members\BorderLayout.members#61.0-1646013278976-java.trap.gz as it exists
[2023-03-29 12:25:42] [javac-extractor-27632] [WARN] Not rewriting trap file for C:\Users\eric\Desktop\ELEC5618\robocode-master\robocode-master\java-database\trap\java\classes\javax\swing\AbstractButton.members\AbstractButton.members#61.0-1646013278976-java.trap.gz as it exists
[2023-03-29 12:25:42] [javac-extractor-27632] [WARN] Not rewriting trap file for C:\Users\eric\Desktop\ELEC5618\robocode-master\robocode-master\java-database\trap\java\classes\java\io\FileOutputStream.members\FileOutputStream.members#61.0-1646013278976-java.trap.gz as it exists
[2023-03-29 12:25:42] [javac-extractor-27632] [WARN] Not rewriting trap file for C:\Users\eric\Desktop\ELEC5618\robocode-master\robocode-master\java-database\trap\java\classes\java\lang\Class.members\Class.members#61.0-1646013278976-java.trap.gz as it exists
[2023-03-29 12:25:42] [javac-extractor-27632] [WARN] Not rewriting trap file for C:\Users\eric\Desktop\ELEC5618\robocode-master\robocode-master\java-database\trap\java\classes\java\lang\reflect\GenericDeclaration.members\GenericDeclaration.members#61.0-1646013278976-java.trap.gz as it exists
[2023-03-29 12:25:42] [javac-extractor-27632] [WARN] Not rewriting trap file for C:\Users\eric\Desktop\ELEC5618\robocode-master\robocode-master\java-database\trap\java\classes\java\lang\reflect\Type.members\Type.members#61.0-1646013278976-java.trap.gz as it exists
[2023-03-29 12:25:42] [javac-extractor-27632] [WARN] Not rewriting trap file for C:\Users\eric\Desktop\ELEC5618\robocode-master\robocode-master\java-database\trap\java\classes\java\lang\reflect\AnnotatedElement.members\AnnotatedElement.members#61.0-1646013278976-java.trap.gz as it exists
[2023-03-29 12:25:42] [javac-extractor-27632] [WARN] Not rewriting trap file for C:\Users\eric\Desktop\ELEC5618\robocode-master\robocode-master\java-database\trap\java\classes\java\lang\invoke\TypeDescriptor$OfField.members\TypeDescriptor$OfField.members#61.0-1646013278976-java.trap.gz as it exists
[2023-03-29 12:25:42] [javac-extractor-27632] [WARN] Not rewriting trap file for C:\Users\eric\Desktop\ELEC5618\robocode-master\robocode-master\java-database\trap\java\classes\java\lang\invoke\TypeDescriptor.members\TypeDescriptor.members#61.0-1646013278976-java.trap.gz as it exists
[2023-03-29 12:25:42] [javac-extractor-27632] [WARN] Not rewriting trap file for C:\Users\eric\Desktop\ELEC5618\robocode-master\robocode-master\java-database\trap\java\classes\java\lang\constant\Constable.members\Constable.members#61.0-1646013278976-java.trap.gz as it exists
[2023-03-29 12:25:42] [javac-extractor-27632] [WARN] Not rewriting trap file for C:\Users\eric\Desktop\ELEC5618\robocode-master\robocode-master\java-database\trap\java\classes\java\util\Optional.members\Optional.members#61.0-1646013278976-java.trap.gz as it exists
[2023-03-29 12:25:42] [javac-extractor-27632] [WARN] Not rewriting trap file for C:\Users\eric\Desktop\ELEC5618\robocode-master\robocode-master\java-database\trap\java\classes\jdk\internal\ValueBased.members\ValueBased.members#61.0-1646013278976-java.trap.gz as it exists
[2023-03-29 12:25:42] [javac-extractor-27632] [WARN] Not rewriting trap file for C:\Users\eric\Desktop\ELEC5618\robocode-master\robocode-master\java-database\trap\java\classes\java\lang\constant\ClassDesc.members\ClassDesc.members#61.0-1646013278976-java.trap.gz as it exists
[2023-03-29 12:25:42] [javac-extractor-27632] [WARN] Not rewriting trap file for C:\Users\eric\Desktop\ELEC5618\robocode-master\robocode-master\java-database\trap\java\classes\java\lang\reflect\AnnotatedType.members\AnnotatedType.members#61.0-1646013278976-java.trap.gz as it exists
[2023-03-29 12:25:42] [javac-extractor-27632] [WARN] Not rewriting trap file for C:\Users\eric\Desktop\ELEC5618\robocode-master\robocode-master\java-database\trap\java\classes\java\util\Map.members\Map.members#61.0-1646013278976-java.trap.gz as it exists
[2023-03-29 12:25:42] [javac-extractor-27632] [WARN] Not rewriting trap file for C:\Users\eric\Desktop\ELEC5618\robocode-master\robocode-master\java-database\trap\java\classes\java\lang\annotation\Annotation.members\Annotation.members#61.0-1646013278976-java.trap.gz as it exists
[2023-03-29 12:25:42] [javac-extractor-27632] [WARN] Not rewriting trap file for C:\Users\eric\Desktop\ELEC5618\robocode-master\robocode-master\java-database\trap\java\classes\sun\reflect\annotation\AnnotationType.members\AnnotationType.members#61.0-1646013278976-java.trap.gz as it exists
[2023-03-29 12:25:42] [javac-extractor-27632] [WARN] Not rewriting trap file for C:\Users\eric\Desktop\ELEC5618\robocode-master\robocode-master\java-database\trap\java\classes\jdk\internal\reflect\ConstantPool.members\ConstantPool.members#61.0-1646013278976-java.trap.gz as it exists
[2023-03-29 12:25:42] [javac-extractor-27632] [WARN] Not rewriting trap file for C:\Users\eric\Desktop\ELEC5618\robocode-master\robocode-master\java-database\trap\java\classes\java\lang\reflect\Executable.members\Executable.members#61.0-1646013278976-java.trap.gz as it exists
[2023-03-29 12:25:42] [javac-extractor-27632] [WARN] Not rewriting trap file for C:\Users\eric\Desktop\ELEC5618\robocode-master\robocode-master\java-database\trap\java\classes\java\security\ProtectionDomain.members\ProtectionDomain.members#61.0-1646013278976-java.trap.gz as it exists
[2023-03-29 12:25:42] [javac-extractor-27632] [WARN] Not rewriting trap file for C:\Users\eric\Desktop\ELEC5618\robocode-master\robocode-master\java-database\trap\java\classes\java\lang\reflect\Constructor.members\Constructor.members#61.0-1646013278976-java.trap.gz as it exists
[2023-03-29 12:25:42] [javac-extractor-27632] [WARN] Not rewriting trap file for C:\Users\eric\Desktop\ELEC5618\robocode-master\robocode-master\java-database\trap\java\classes\java\lang\NoSuchMethodException.members\NoSuchMethodException.members#61.0-1646013278976-java.trap.gz as it exists
[2023-03-29 12:25:42] [javac-extractor-27632] [WARN] Not rewriting trap file for C:\Users\eric\Desktop\ELEC5618\robocode-master\robocode-master\java-database\trap\java\classes\java\lang\SecurityException.members\SecurityException.members#61.0-1646013278976-java.trap.gz as it exists
[2023-03-29 12:25:42] [javac-extractor-27632] [WARN] Not rewriting trap file for C:\Users\eric\Desktop\ELEC5618\robocode-master\robocode-master\java-database\trap\java\classes\java\util\List.members\List.members#61.0-1646013278976-java.trap.gz as it exists
[2023-03-29 12:25:42] [javac-extractor-27632] [WARN] Not rewriting trap file for C:\Users\eric\Desktop\ELEC5618\robocode-master\robocode-master\java-database\trap\java\classes\java\util\Collection.members\Collection.members#61.0-1646013278976-java.trap.gz as it exists
[2023-03-29 12:25:42] [javac-extractor-27632] [WARN] Not rewriting trap file for C:\Users\eric\Desktop\ELEC5618\robocode-master\robocode-master\java-database\trap\java\classes\java\lang\Iterable.members\Iterable.members#61.0-1646013278976-java.trap.gz as it exists
[2023-03-29 12:25:42] [javac-extractor-27632] [WARN] Not rewriting trap file for C:\Users\eric\Desktop\ELEC5618\robocode-master\robocode-master\java-database\trap\java\classes\java\lang\reflect\Method.members\Method.members#61.0-1646013278976-java.trap.gz as it exists
[2023-03-29 12:25:42] [javac-extractor-27632] [WARN] Not rewriting trap file for C:\Users\eric\Desktop\ELEC5618\robocode-master\robocode-master\java-database\trap\java\classes\java\lang\reflect\Field.members\Field.members#61.0-1646013278976-java.trap.gz as it exists
[2023-03-29 12:25:42] [javac-extractor-27632] [WARN] Not rewriting trap file for C:\Users\eric\Desktop\ELEC5618\robocode-master\robocode-master\java-database\trap\java\classes\java\lang\NoSuchFieldException.members\NoSuchFieldException.members#61.0-1646013278976-java.trap.gz as it exists
[2023-03-29 12:25:42] [javac-extractor-27632] [WARN] Not rewriting trap file for C:\Users\eric\Desktop\ELEC5618\robocode-master\robocode-master\java-database\trap\java\classes\java\lang\reflect\RecordComponent.members\RecordComponent.members#61.0-1646013278976-java.trap.gz as it exists
[2023-03-29 12:25:42] [javac-extractor-27632] [WARN] Not rewriting trap file for C:\Users\eric\Desktop\ELEC5618\robocode-master\robocode-master\java-database\trap\java\classes\java\lang\Package.members\Package.members#61.0-1646013278976-java.trap.gz as it exists
[2023-03-29 12:25:42] [javac-extractor-27632] [WARN] Not rewriting trap file for C:\Users\eric\Desktop\ELEC5618\robocode-master\robocode-master\java-database\trap\java\classes\java\lang\reflect\TypeVariable.members\TypeVariable.members#61.0-1646013278976-java.trap.gz as it exists
[2023-03-29 12:25:42] [javac-extractor-27632] [WARN] Not rewriting trap file for C:\Users\eric\Desktop\ELEC5618\robocode-master\robocode-master\java-database\trap\java\classes\java\lang\Module.members\Module.members#61.0-1646013278976-java.trap.gz as it exists
[2023-03-29 12:25:42] [javac-extractor-27632] [WARN] Not rewriting trap file for C:\Users\eric\Desktop\ELEC5618\robocode-master\robocode-master\java-database\trap\java\classes\java\lang\ClassLoader.members\ClassLoader.members#61.0-1646013278976-java.trap.gz as it exists
[2023-03-29 12:25:42] [javac-extractor-27632] [WARN] Not rewriting trap file for C:\Users\eric\Desktop\ELEC5618\robocode-master\robocode-master\java-database\trap\java\classes\java\lang\InstantiationException.members\InstantiationException.members#61.0-1646013278976-java.trap.gz as it exists
[2023-03-29 12:25:42] [javac-extractor-27632] [WARN] Not rewriting trap file for C:\Users\eric\Desktop\ELEC5618\robocode-master\robocode-master\java-database\trap\java\classes\java\lang\IllegalAccessException.members\IllegalAccessException.members#61.0-1646013278976-java.trap.gz as it exists
[2023-03-29 12:25:42] [javac-extractor-27632] [WARN] Not rewriting trap file for C:\Users\eric\Desktop\ELEC5618\robocode-master\robocode-master\java-database\trap\java\classes\java\lang\ClassNotFoundException.members\ClassNotFoundException.members#61.0-1646013278976-java.trap.gz as it exists
[2023-03-29 12:25:42] [javac-extractor-27632] [WARN] Not rewriting trap file for C:\Users\eric\Desktop\ELEC5618\robocode-master\robocode-master\java-database\trap\java\classes\java\lang\ClassValue$ClassValueMap.members\ClassValue$ClassValueMap.members#61.0-1646013278976-java.trap.gz as it exists
[2023-03-29 12:25:42] [javac-extractor-27632] [WARN] Not rewriting trap file for C:\Users\eric\Desktop\ELEC5618\robocode-master\robocode-master\java-database\trap\java\classes\javax\swing\JLabel.members\JLabel.members#61.0-1646013278976-java.trap.gz as it exists
[2023-03-29 12:25:42] [javac-extractor-27632] [WARN] Not rewriting trap file for C:\Users\eric\Desktop\ELEC5618\robocode-master\robocode-master\java-database\trap\java\classes\javax\swing\JOptionPane.members\JOptionPane.members#61.0-1646013278976-java.trap.gz as it exists
[2023-03-29 12:25:42] [javac-extractor-27632] [WARN] Not rewriting trap file for C:\Users\eric\Desktop\ELEC5618\robocode-master\robocode-master\java-database\trap\java\classes\java\lang\Process.members\Process.members#61.0-1646013278976-java.trap.gz as it exists
[2023-03-29 12:25:42] [javac-extractor-27632] [WARN] Not rewriting trap file for C:\Users\eric\Desktop\ELEC5618\robocode-master\robocode-master\java-database\trap\java\classes\java\lang\Runtime.members\Runtime.members#61.0-1646013278976-java.trap.gz as it exists
[2023-03-29 12:25:42] [javac-extractor-27632] [WARN] Not rewriting trap file for C:\Users\eric\Desktop\ELEC5618\robocode-master\robocode-master\java-database\trap\java\classes\java\util\zip\ZipInputStream.members\ZipInputStream.members#61.0-1646013278976-java.trap.gz as it exists
[2023-03-29 12:25:42] [javac-extractor-27632] [WARN] Not rewriting trap file for C:\Users\eric\Desktop\ELEC5618\robocode-master\robocode-master\java-database\trap\java\classes\java\awt\GraphicsEnvironment.members\GraphicsEnvironment.members#61.0-1646013278976-java.trap.gz as it exists
[2023-03-29 12:25:42] [javac-extractor-27632] [WARN] Not rewriting trap file for C:\Users\eric\Desktop\ELEC5618\robocode-master\robocode-master\java-database\trap\java\classes\javax\swing\UIManager.members\UIManager.members#61.0-1646013278976-java.trap.gz as it exists
[2023-03-29 12:25:42] [javac-extractor-27632] [WARN] Not rewriting trap file for C:\Users\eric\Desktop\ELEC5618\robocode-master\robocode-master\java-database\trap\java\classes\javax\swing\Icon.members\Icon.members#61.0-1646013278976-java.trap.gz as it exists
[2023-03-29 12:25:42] [javac-extractor-27632] [WARN] Not rewriting trap file for C:\Users\eric\Desktop\ELEC5618\robocode-master\robocode-master\java-database\trap\java\classes\java\io\FilenameFilter.members\FilenameFilter.members#61.0-1646013278976-java.trap.gz as it exists
[2023-03-29 12:25:42] [javac-extractor-27632] [WARN] Not rewriting trap file for C:\Users\eric\Desktop\ELEC5618\robocode-master\robocode-master\java-database\trap\java\classes\java\io\OutputStream.members\OutputStream.members#61.0-1646013278976-java.trap.gz as it exists
[2023-03-29 12:25:42] [javac-extractor-27632] [WARN] Not rewriting trap file for C:\Users\eric\Desktop\ELEC5618\robocode-master\robocode-master\java-database\trap\java\classes\java\lang\Exception.members\Exception.members#61.0-1646013278976-java.trap.gz as it exists
[2023-03-29 12:25:42] [javac-extractor-27632] [WARN] Not rewriting trap file for C:\Users\eric\Desktop\ELEC5618\robocode-master\robocode-master\java-database\trap\java\classes\java\lang\InterruptedException.members\InterruptedException.members#61.0-1646013278976-java.trap.gz as it exists
[2023-03-29 12:25:42] [javac-extractor-27632] [WARN] Not rewriting trap file for C:\Users\eric\Desktop\ELEC5618\robocode-master\robocode-master\java-database\trap\java\classes\java\lang\Integer.members\Integer.members#61.0-1646013278976-java.trap.gz as it exists
[2023-03-29 12:25:42] [javac-extractor-27632] [WARN] Not rewriting trap file for C:\Users\eric\Desktop\ELEC5618\robocode-master\robocode-master\java-database\trap\java\classes\java\io\FileReader.members\FileReader.members#61.0-1646013278976-java.trap.gz as it exists
[2023-03-29 12:25:42] [javac-extractor-27632] [WARN] Not rewriting trap file for C:\Users\eric\Desktop\ELEC5618\robocode-master\robocode-master\java-database\trap\java\classes\java\io\Writer.members\Writer.members#61.0-1646013278976-java.trap.gz as it exists
[2023-03-29 12:25:42] [javac-extractor-27632] [WARN] Not rewriting trap file for C:\Users\eric\Desktop\ELEC5618\robocode-master\robocode-master\java-database\trap\java\classes\java\io\OutputStreamWriter.members\OutputStreamWriter.members#61.0-1646013278976-java.trap.gz as it exists
[2023-03-29 12:25:42] [javac-extractor-27632] [WARN] Not rewriting trap file for C:\Users\eric\Desktop\ELEC5618\robocode-master\robocode-master\java-database\trap\java\classes\java\nio\file\Path.members\Path.members#61.0-1646013278976-java.trap.gz as it exists
[2023-03-29 12:25:42] [javac-extractor-27632] [WARN] Not rewriting trap file for C:\Users\eric\Desktop\ELEC5618\robocode-master\robocode-master\java-database\trap\java\classes\java\nio\file\CopyOption.members\CopyOption.members#61.0-1646013278976-java.trap.gz as it exists
[2023-03-29 12:25:42] [javac-extractor-27632] [WARN] Not rewriting trap file for C:\Users\eric\Desktop\ELEC5618\robocode-master\robocode-master\java-database\trap\java\classes\java\net\URI.members\URI.members#61.0-1646013278976-java.trap.gz as it exists
[2023-03-29 12:25:42] [javac-extractor-27632] [WARN] Not rewriting trap file for C:\Users\eric\Desktop\ELEC5618\robocode-master\robocode-master\java-database\trap\java\classes\java\nio\charset\Charset.members\Charset.members#61.0-1646013278976-java.trap.gz as it exists
[2023-03-29 12:25:42] [javac-extractor-27632] [WARN] Not rewriting trap file for C:\Users\eric\Desktop\ELEC5618\robocode-master\robocode-master\java-database\trap\java\classes\java\io\FileDescriptor.members\FileDescriptor.members#61.0-1646013278976-java.trap.gz as it exists
[2023-03-29 12:25:42] [javac-extractor-27632] Javac init time: 1.3s
[2023-03-29 12:25:42] [javac-extractor-27632] Javac attr time: 0.5s
[2023-03-29 12:25:42] [javac-extractor-27632] Extractor time: 0.7s
[2023-03-29 12:25:42] [javac-extractor-27632] Other time: 0.3s
[2023-03-29 12:25:42] [javac-extractor-27632] Total time: 2.8s
