[2023-03-29 12:26:14] [javac-extractor-25744] Starting extraction for:
                                              sun.java.command=com.semmle.extractor.java.JavaExtractor --jdk-version 17 --javac-args @@@C:\Users\eric\Desktop\ELEC5618\robocode-master\robocode-master\java-database\log\ext\javac-12.args
                                              user.dir=C:\Users\eric\Desktop\ELEC5618\robocode-master\robocode-master
[2023-03-29 12:26:14] [javac-extractor-25744] Compilation name C:\Users\eric\Desktop\ELEC5618\robocode-master\robocode-master\java-database\trap\java\diagnostics\diagnostic-12.trap.gz
[2023-03-29 12:26:14] [javac-extractor-25744] [WARN] Appending source destination directory C:\Users\eric\Desktop\ELEC5618\robocode-master\robocode-master\robocode.tests\build\generated\sources\annotationProcessor\java\main to sourcepath
[2023-03-29 12:26:16] [javac-extractor-25744] Processing file C:\Users\eric\Desktop\ELEC5618\robocode-master\robocode-master\robocode.tests\src\main\java\net\sf\robocode\test\helpers\Assert.java
[2023-03-29 12:26:16] [javac-extractor-25744] [WARN] Not rewriting trap file for C:\Users\eric\Desktop\ELEC5618\robocode-master\robocode-master\java-database\trap\java\classes\robocode\util\Utils.members\Utils.members#52.0-1680052982000-java.trap.gz as C:\Users\eric\Desktop\ELEC5618\robocode-master\robocode-master\java-database\trap\java\classes\robocode\util\Utils.members\Utils.members#0.0-1677634605029-java.trap.gz exists
[2023-03-29 12:26:16] [javac-extractor-25744] [WARN] Not rewriting trap file for C:\Users\eric\Desktop\ELEC5618\robocode-master\robocode-master\java-database\trap\java\classes\java\lang\Throwable.members\Throwable.members#61.0-1646013278976-java.trap.gz as it exists
[2023-03-29 12:26:16] [javac-extractor-25744] [WARN] Not rewriting trap file for C:\Users\eric\Desktop\ELEC5618\robocode-master\robocode-master\java-database\trap\java\classes\java\io\PrintStream.members\PrintStream.members#61.0-1646013278976-java.trap.gz as it exists
[2023-03-29 12:26:16] [javac-extractor-25744] [WARN] Not rewriting trap file for C:\Users\eric\Desktop\ELEC5618\robocode-master\robocode-master\java-database\trap\java\classes\java\lang\System.members\System.members#61.0-1646013278976-java.trap.gz as it exists
[2023-03-29 12:26:16] [javac-extractor-25744] [WARN] Not rewriting trap file for C:\Users\eric\Desktop\ELEC5618\robocode-master\robocode-master\java-database\trap\java\classes\java\lang\Object.members\Object.members#61.0-1646013278976-java.trap.gz as it exists
[2023-03-29 12:26:16] [javac-extractor-25744] [WARN] Not rewriting trap file for C:\Users\eric\Desktop\ELEC5618\robocode-master\robocode-master\java-database\trap\java\classes\java\lang\String.members\String.members#61.0-1646013278976-java.trap.gz as it exists
[2023-03-29 12:26:16] [javac-extractor-25744] [WARN] Not rewriting trap file for C:\Users\eric\Desktop\ELEC5618\robocode-master\robocode-master\java-database\trap\java\classes\java\lang\Class.members\Class.members#61.0-1646013278976-java.trap.gz as it exists
[2023-03-29 12:26:16] [javac-extractor-25744] [WARN] Not rewriting trap file for C:\Users\eric\Desktop\ELEC5618\robocode-master\robocode-master\java-database\trap\java\classes\java\io\Serializable.members\Serializable.members#61.0-1646013278976-java.trap.gz as it exists
[2023-03-29 12:26:16] [javac-extractor-25744] [WARN] Not rewriting trap file for C:\Users\eric\Desktop\ELEC5618\robocode-master\robocode-master\java-database\trap\java\classes\java\lang\reflect\GenericDeclaration.members\GenericDeclaration.members#61.0-1646013278976-java.trap.gz as it exists
[2023-03-29 12:26:16] [javac-extractor-25744] [WARN] Not rewriting trap file for C:\Users\eric\Desktop\ELEC5618\robocode-master\robocode-master\java-database\trap\java\classes\java\lang\reflect\Type.members\Type.members#61.0-1646013278976-java.trap.gz as it exists
[2023-03-29 12:26:16] [javac-extractor-25744] [WARN] Not rewriting trap file for C:\Users\eric\Desktop\ELEC5618\robocode-master\robocode-master\java-database\trap\java\classes\java\lang\reflect\AnnotatedElement.members\AnnotatedElement.members#61.0-1646013278976-java.trap.gz as it exists
[2023-03-29 12:26:16] [javac-extractor-25744] [WARN] Not rewriting trap file for C:\Users\eric\Desktop\ELEC5618\robocode-master\robocode-master\java-database\trap\java\classes\java\lang\invoke\TypeDescriptor$OfField.members\TypeDescriptor$OfField.members#61.0-1646013278976-java.trap.gz as it exists
[2023-03-29 12:26:16] [javac-extractor-25744] [WARN] Not rewriting trap file for C:\Users\eric\Desktop\ELEC5618\robocode-master\robocode-master\java-database\trap\java\classes\java\lang\invoke\TypeDescriptor.members\TypeDescriptor.members#61.0-1646013278976-java.trap.gz as it exists
[2023-03-29 12:26:16] [javac-extractor-25744] [WARN] Not rewriting trap file for C:\Users\eric\Desktop\ELEC5618\robocode-master\robocode-master\java-database\trap\java\classes\java\lang\constant\Constable.members\Constable.members#61.0-1646013278976-java.trap.gz as it exists
[2023-03-29 12:26:16] [javac-extractor-25744] [WARN] Not rewriting trap file for C:\Users\eric\Desktop\ELEC5618\robocode-master\robocode-master\java-database\trap\java\classes\java\lang\Deprecated.members\Deprecated.members#61.0-1646013278976-java.trap.gz as it exists
[2023-03-29 12:26:16] [javac-extractor-25744] [WARN] Not rewriting trap file for C:\Users\eric\Desktop\ELEC5618\robocode-master\robocode-master\java-database\trap\java\classes\java\lang\Cloneable.members\Cloneable.members#61.0-1646013278976-java.trap.gz as it exists
[2023-03-29 12:26:16] [javac-extractor-25744] [WARN] Not rewriting trap file for C:\Users\eric\Desktop\ELEC5618\robocode-master\robocode-master\java-database\trap\java\classes\java\lang\AssertionError.members\AssertionError.members#61.0-1646013278976-java.trap.gz as it exists
[2023-03-29 12:26:16] [javac-extractor-25744] [WARN] Not rewriting trap file for C:\Users\eric\Desktop\ELEC5618\robocode-master\robocode-master\java-database\trap\java\classes\java\lang\Iterable.members\Iterable.members#61.0-1646013278976-java.trap.gz as it exists
[2023-03-29 12:26:16] [javac-extractor-25744] Processing JAR file: C:/Users/eric/.gradle/caches/modules-2/files-2.1/org.hamcrest/hamcrest-core/1.3/42a25dc3219429f0e5d060061f71acb49bf010a0/hamcrest-core-1.3.jar
[2023-03-29 12:26:16] [javac-extractor-25744] Processing JAR file: C:/Users/eric/.gradle/caches/modules-2/files-2.1/junit/junit/4.13.2/8ac9e16d933b6fb43bc7f576336b8f4d7eb5ba12/junit-4.13.2.jar
[2023-03-29 12:26:16] [javac-extractor-25744] Processing file C:\Users\eric\Desktop\ELEC5618\robocode-master\robocode-master\robocode.tests\src\main\java\net\sf\robocode\test\helpers\RobocodeTestBed.java
[2023-03-29 12:26:16] [javac-extractor-25744] [WARN] Not rewriting trap file for C:\Users\eric\Desktop\ELEC5618\robocode-master\robocode-master\java-database\trap\java\classes\java\io\File.members\File.members#61.0-1646013278976-java.trap.gz as it exists
[2023-03-29 12:26:16] [javac-extractor-25744] [WARN] Not rewriting trap file for C:\Users\eric\Desktop\ELEC5618\robocode-master\robocode-master\java-database\trap\java\classes\robocode\control\RobotTestBed.members\RobotTestBed.members#52.0-1680052982000-java.trap.gz as C:\Users\eric\Desktop\ELEC5618\robocode-master\robocode-master\java-database\trap\java\classes\robocode\control\RobotTestBed.members\RobotTestBed.members#0.0-1677634600655-java.trap.gz exists
[2023-03-29 12:26:16] [javac-extractor-25744] [WARN] Not rewriting trap file for C:\Users\eric\Desktop\ELEC5618\robocode-master\robocode-master\java-database\trap\java\classes\robocode\control\events\BattleAdaptor.members\BattleAdaptor.members#52.0-1680052982000-java.trap.gz as C:\Users\eric\Desktop\ELEC5618\robocode-master\robocode-master\java-database\trap\java\classes\robocode\control\events\BattleAdaptor.members\BattleAdaptor.members#0.0-1677634600812-java.trap.gz exists
[2023-03-29 12:26:16] [javac-extractor-25744] [WARN] Not rewriting trap file for C:\Users\eric\Desktop\ELEC5618\robocode-master\robocode-master\java-database\trap\java\classes\java\lang\Override.members\Override.members#61.0-1646013278976-java.trap.gz as it exists
[2023-03-29 12:26:16] [javac-extractor-25744] [WARN] Not rewriting trap file for C:\Users\eric\Desktop\ELEC5618\robocode-master\robocode-master\java-database\trap\java\classes\java\lang\Error.members\Error.members#61.0-1646013278976-java.trap.gz as it exists
[2023-03-29 12:26:16] [javac-extractor-25744] [WARN] Not rewriting trap file for C:\Users\eric\Desktop\ELEC5618\robocode-master\robocode-master\java-database\trap\java\classes\java\lang\String.members\String.members#61.0-1646013278976-java.trap.gz as it exists
[2023-03-29 12:26:16] [javac-extractor-25744] [WARN] Not rewriting trap file for C:\Users\eric\Desktop\ELEC5618\robocode-master\robocode-master\java-database\trap\java\classes\robocode\control\RobotTestBed$TestErrorListener.members\RobotTestBed$TestErrorListener.members#52.0-1680052982000-java.trap.gz as C:\Users\eric\Desktop\ELEC5618\robocode-master\robocode-master\java-database\trap\java\classes\robocode\control\RobotTestBed$TestErrorListener.members\RobotTestBed$TestErrorListener.members#0.0-1677634600655-java.trap.gz exists
[2023-03-29 12:26:16] [javac-extractor-25744] [WARN] Not rewriting trap file for C:\Users\eric\Desktop\ELEC5618\robocode-master\robocode-master\java-database\trap\java\classes\robocode\control\RobotTestBed$EngineErrorsListener.members\RobotTestBed$EngineErrorsListener.members#52.0-1680052982000-java.trap.gz as C:\Users\eric\Desktop\ELEC5618\robocode-master\robocode-master\java-database\trap\java\classes\robocode\control\RobotTestBed$EngineErrorsListener.members\RobotTestBed$EngineErrorsListener.members#0.0-1677634600655-java.trap.gz exists
[2023-03-29 12:26:16] [javac-extractor-25744] [WARN] Not rewriting trap file for C:\Users\eric\Desktop\ELEC5618\robocode-master\robocode-master\java-database\trap\java\classes\java\lang\Throwable.members\Throwable.members#61.0-1646013278976-java.trap.gz as it exists
[2023-03-29 12:26:16] [javac-extractor-25744] [WARN] Not rewriting trap file for C:\Users\eric\Desktop\ELEC5618\robocode-master\robocode-master\java-database\trap\java\classes\java\lang\StringBuilder.members\StringBuilder.members#61.0-1646013278976-java.trap.gz as it exists
[2023-03-29 12:26:16] [javac-extractor-25744] [WARN] Not rewriting trap file for C:\Users\eric\Desktop\ELEC5618\robocode-master\robocode-master\java-database\trap\java\classes\robocode\control\BattlefieldSpecification.members\BattlefieldSpecification.members#52.0-1680052982000-java.trap.gz as C:\Users\eric\Desktop\ELEC5618\robocode-master\robocode-master\java-database\trap\java\classes\robocode\control\BattlefieldSpecification.members\BattlefieldSpecification.members#0.0-1677634600011-java.trap.gz exists
[2023-03-29 12:26:16] [javac-extractor-25744] [WARN] Not rewriting trap file for C:\Users\eric\Desktop\ELEC5618\robocode-master\robocode-master\java-database\trap\java\classes\robocode\control\IRobocodeEngine.members\IRobocodeEngine.members#52.0-1680052982000-java.trap.gz as C:\Users\eric\Desktop\ELEC5618\robocode-master\robocode-master\java-database\trap\java\classes\robocode\control\IRobocodeEngine.members\IRobocodeEngine.members#0.0-1677634600050-java.trap.gz exists
[2023-03-29 12:26:16] [javac-extractor-25744] [WARN] Not rewriting trap file for C:\Users\eric\Desktop\ELEC5618\robocode-master\robocode-master\java-database\trap\java\classes\java\lang\annotation\Annotation.members\Annotation.members#61.0-1646013278976-java.trap.gz as it exists
[2023-03-29 12:26:16] [javac-extractor-25744] [WARN] Not rewriting trap file for C:\Users\eric\Desktop\ELEC5618\robocode-master\robocode-master\java-database\trap\java\classes\java\lang\annotation\Retention.members\Retention.members#61.0-1646013278976-java.trap.gz as it exists
[2023-03-29 12:26:16] [javac-extractor-25744] [WARN] Not rewriting trap file for C:\Users\eric\Desktop\ELEC5618\robocode-master\robocode-master\java-database\trap\java\classes\java\lang\annotation\RetentionPolicy.members\RetentionPolicy.members#61.0-1646013278976-java.trap.gz as it exists
[2023-03-29 12:26:16] [javac-extractor-25744] [WARN] Not rewriting trap file for C:\Users\eric\Desktop\ELEC5618\robocode-master\robocode-master\java-database\trap\java\classes\java\lang\annotation\Target.members\Target.members#61.0-1646013278976-java.trap.gz as it exists
[2023-03-29 12:26:16] [javac-extractor-25744] [WARN] Not rewriting trap file for C:\Users\eric\Desktop\ELEC5618\robocode-master\robocode-master\java-database\trap\java\classes\java\lang\annotation\ElementType.members\ElementType.members#61.0-1646013278976-java.trap.gz as it exists
[2023-03-29 12:26:16] [javac-extractor-25744] [WARN] Not rewriting trap file for C:\Users\eric\Desktop\ELEC5618\robocode-master\robocode-master\java-database\trap\java\classes\java\lang\Object.members\Object.members#61.0-1646013278976-java.trap.gz as it exists
[2023-03-29 12:26:16] [javac-extractor-25744] [WARN] Not rewriting trap file for C:\Users\eric\Desktop\ELEC5618\robocode-master\robocode-master\java-database\trap\java\classes\java\lang\Cloneable.members\Cloneable.members#61.0-1646013278976-java.trap.gz as it exists
[2023-03-29 12:26:16] [javac-extractor-25744] [WARN] Not rewriting trap file for C:\Users\eric\Desktop\ELEC5618\robocode-master\robocode-master\java-database\trap\java\classes\java\io\Serializable.members\Serializable.members#61.0-1646013278976-java.trap.gz as it exists
[2023-03-29 12:26:16] [javac-extractor-25744] [WARN] Not rewriting trap file for C:\Users\eric\Desktop\ELEC5618\robocode-master\robocode-master\java-database\trap\java\classes\java\lang\Class.members\Class.members#61.0-1646013278976-java.trap.gz as it exists
[2023-03-29 12:26:16] [javac-extractor-25744] [WARN] Not rewriting trap file for C:\Users\eric\Desktop\ELEC5618\robocode-master\robocode-master\java-database\trap\java\classes\java\lang\reflect\GenericDeclaration.members\GenericDeclaration.members#61.0-1646013278976-java.trap.gz as it exists
[2023-03-29 12:26:16] [javac-extractor-25744] [WARN] Not rewriting trap file for C:\Users\eric\Desktop\ELEC5618\robocode-master\robocode-master\java-database\trap\java\classes\java\lang\reflect\Type.members\Type.members#61.0-1646013278976-java.trap.gz as it exists
[2023-03-29 12:26:16] [javac-extractor-25744] [WARN] Not rewriting trap file for C:\Users\eric\Desktop\ELEC5618\robocode-master\robocode-master\java-database\trap\java\classes\java\lang\reflect\AnnotatedElement.members\AnnotatedElement.members#61.0-1646013278976-java.trap.gz as it exists
[2023-03-29 12:26:16] [javac-extractor-25744] [WARN] Not rewriting trap file for C:\Users\eric\Desktop\ELEC5618\robocode-master\robocode-master\java-database\trap\java\classes\java\lang\invoke\TypeDescriptor$OfField.members\TypeDescriptor$OfField.members#61.0-1646013278976-java.trap.gz as it exists
[2023-03-29 12:26:16] [javac-extractor-25744] [WARN] Not rewriting trap file for C:\Users\eric\Desktop\ELEC5618\robocode-master\robocode-master\java-database\trap\java\classes\java\lang\invoke\TypeDescriptor.members\TypeDescriptor.members#61.0-1646013278976-java.trap.gz as it exists
[2023-03-29 12:26:16] [javac-extractor-25744] [WARN] Not rewriting trap file for C:\Users\eric\Desktop\ELEC5618\robocode-master\robocode-master\java-database\trap\java\classes\java\lang\constant\Constable.members\Constable.members#61.0-1646013278976-java.trap.gz as it exists
[2023-03-29 12:26:16] [javac-extractor-25744] Processing JAR file: C:/Users/eric/Desktop/ELEC5618/robocode-master/robocode-master/robocode.api/build/libs/robocode.jar
[2023-03-29 12:26:16] [javac-extractor-25744] Javac init time: 1.0s
[2023-03-29 12:26:16] [javac-extractor-25744] Javac attr time: 0.1s
[2023-03-29 12:26:16] [javac-extractor-25744] Extractor time: 0.5s
[2023-03-29 12:26:16] [javac-extractor-25744] Other time: 0.3s
[2023-03-29 12:26:16] [javac-extractor-25744] Total time: 1.9s
